Ss
S
S
I<
I<
I<
I<
I<
I<
I
I
S
I
S
S
S
S
S
I<
S
I<
S
S
S
I<
S
SN
SN
I<
I<
I<
I<
I<
I<
I<
I<
S
I<
I<
I<
S
S
I<
I<
I<
I<
S
S
S
S
S
S
S
S
S
S
S
S
S
S
S
S
S
S
S
S
S
S
S
S
S
S
S
S
S
S
S
S
S
S
S
I<
I<
I<
I<
I<
I<
I<
I<
I<
I<
S
I<
I<
I<
I<
I<
I<
I<
I<
I<
I<
S
Ss
Ss
I<
I<
I<
I<
I<
I<
I<
S
Ssl
Ss
Ssl
Ss
Ssl
Ss
Ssl
SNsl
Ssl
Ssl
Ssl
S
Ssl
Ssl
Ssl
Ssl
S
Ss
Ss
Ssl
Ssl
Ssl
Ss
SLsl
Ssl+
Ssl
Ss
Ss
Ss
Sl
Sl
Sl
Sl
Ss
S
Ssl
Ss
Ss
Ssl
Ssl
Ssl
Ss
Ssl
Ssl
Ssl
Sl
S
Sl
Ssl
Sl
Sl
S
Sl
Sl
Sl
Sl
Sl
Sl
Ssl
S<l
Sl
Ssl
Ssl
Ssl
Ssl
Sl
Ssl
Sl
Sl
Sl
Sl
Sl
S
Ssl
Sl
Sl
Sl
Sl
Sl
Sl
Sl
Sl
Sl
Sl
Sl
Sl
Sl
Sl
Sl
Sl
Sl
Sl
Sl
Sl
Sl
Sl
Sl
Sl
Sl
S
Sl
Sl
S
S
Sl
Sl
S
S
S
Sl
Sl
Sl
Sl
Sl
I
Ss+
I
Sl
Ss
I
Ss
S
Ss
S
Ss
Ss+
I
I
I
I
I
I
I
I
S+
S+
Sl+
S
S+
R+
