2026-07-03T19:46:38+08:00 localhost rasdaemon[1046]: Can't get traces from ras:extlog_mem_event
2026-07-03T19:46:47+08:00 win000k10424 lightdm[2576]: [kysdk-conf2] invalied schema id
2026-07-03T19:46:47+08:00 win000k10424 lightdm[2576]: [kysdk-conf2] invalied schema id
2026-07-03T19:46:48+08:00 win000k10424 ukui-login-sound[2610]: control hw:0 open error: No such file or directory
2026-07-03T19:46:48+08:00 win000k10424 ukui-login-sound[2610]: file convert error, err:32512.
2026-07-03T19:46:49+08:00 win000k10424 systemd[2634]: Failed to start Portal service (GTK/GNOME implementation).
2026-07-03T19:46:51+08:00 win000k10424 systemd[2634]: Failed to start KScreen.
2026-07-03T19:47:07+08:00 win000k10424 lightdm[2947]: gkr-pam: unable to locate daemon control file
2026-07-03T19:58:50+08:00 win000k10424 python3[7944]: ldapdb_canonuser_plug_init() failed in sasl_canonuser_add_plugin(): invalid parameter supplied
2026-07-03T19:59:11+08:00 win000k10424 python3[8039]: ldapdb_canonuser_plug_init() failed in sasl_canonuser_add_plugin(): invalid parameter supplied
2026-07-03T19:59:58+08:00 win000k10424 PackageKit[8457]: ldapdb_canonuser_plug_init() failed in sasl_canonuser_add_plugin(): invalid parameter supplied
2026-07-03T20:04:47+08:00 win000k10424 python3[9862]: ldapdb_canonuser_plug_init() failed in sasl_canonuser_add_plugin(): invalid parameter supplied
2026-07-03T21:58:01+08:00 win000k10424 python3[31968]: ldapdb_canonuser_plug_init() failed in sasl_canonuser_add_plugin(): invalid parameter supplied
2026-07-03T23:16:41+08:00 win000k10424 python3[46945]: ldapdb_canonuser_plug_init() failed in sasl_canonuser_add_plugin(): invalid parameter supplied
2026-07-04T01:13:11+08:00 win000k10424 python3[69080]: ldapdb_canonuser_plug_init() failed in sasl_canonuser_add_plugin(): invalid parameter supplied
2026-07-04T03:12:41+08:00 win000k10424 python3[91789]: ldapdb_canonuser_plug_init() failed in sasl_canonuser_add_plugin(): invalid parameter supplied
2026-07-04T04:45:11+08:00 win000k10424 python3[109398]: ldapdb_canonuser_plug_init() failed in sasl_canonuser_add_plugin(): invalid parameter supplied
2026-07-04T06:39:11+08:00 win000k10424 python3[131053]: ldapdb_canonuser_plug_init() failed in sasl_canonuser_add_plugin(): invalid parameter supplied
2026-07-04T08:07:08+08:00 win000k10424 python3[147746]: ldapdb_canonuser_plug_init() failed in sasl_canonuser_add_plugin(): invalid parameter supplied
2026-07-04T10:04:36+08:00 win000k10424 python3[170039]: ldapdb_canonuser_plug_init() failed in sasl_canonuser_add_plugin(): invalid parameter supplied
2026-07-04T11:17:11+08:00 win000k10424 python3[183815]: ldapdb_canonuser_plug_init() failed in sasl_canonuser_add_plugin(): invalid parameter supplied
2026-07-04T12:48:11+08:00 win000k10424 python3[201617]: ldapdb_canonuser_plug_init() failed in sasl_canonuser_add_plugin(): invalid parameter supplied
2026-07-04T14:29:11+08:00 win000k10424 python3[220812]: ldapdb_canonuser_plug_init() failed in sasl_canonuser_add_plugin(): invalid parameter supplied
2026-07-04T16:06:31+08:00 win000k10424 python3[239315]: ldapdb_canonuser_plug_init() failed in sasl_canonuser_add_plugin(): invalid parameter supplied
2026-07-04T17:56:11+08:00 win000k10424 python3[260146]: ldapdb_canonuser_plug_init() failed in sasl_canonuser_add_plugin(): invalid parameter supplied
2026-07-04T18:58:00+08:00 win000k10424 python3[271871]: ldapdb_canonuser_plug_init() failed in sasl_canonuser_add_plugin(): invalid parameter supplied
2026-07-04T20:49:51+08:00 win000k10424 python3[293097]: ldapdb_canonuser_plug_init() failed in sasl_canonuser_add_plugin(): invalid parameter supplied
2026-07-04T22:46:11+08:00 win000k10424 python3[315193]: ldapdb_canonuser_plug_init() failed in sasl_canonuser_add_plugin(): invalid parameter supplied
2026-07-05T00:18:12+08:00 win000k10424 python3[332646]: ldapdb_canonuser_plug_init() failed in sasl_canonuser_add_plugin(): invalid parameter supplied
2026-07-05T01:48:51+08:00 win000k10424 python3[349857]: ldapdb_canonuser_plug_init() failed in sasl_canonuser_add_plugin(): invalid parameter supplied
2026-07-05T03:46:21+08:00 win000k10424 python3[372224]: ldapdb_canonuser_plug_init() failed in sasl_canonuser_add_plugin(): invalid parameter supplied
2026-07-05T05:38:48+08:00 win000k10424 python3[393585]: ldapdb_canonuser_plug_init() failed in sasl_canonuser_add_plugin(): invalid parameter supplied
2026-07-05T06:52:51+08:00 win000k10424 python3[407650]: ldapdb_canonuser_plug_init() failed in sasl_canonuser_add_plugin(): invalid parameter supplied
2026-07-05T08:06:01+08:00 win000k10424 python3[421542]: ldapdb_canonuser_plug_init() failed in sasl_canonuser_add_plugin(): invalid parameter supplied
2026-07-05T09:16:36+08:00 win000k10424 python3[434949]: ldapdb_canonuser_plug_init() failed in sasl_canonuser_add_plugin(): invalid parameter supplied
2026-07-05T10:46:11+08:00 win000k10424 python3[451953]: ldapdb_canonuser_plug_init() failed in sasl_canonuser_add_plugin(): invalid parameter supplied
2026-07-05T12:45:11+08:00 win000k10424 python3[474484]: ldapdb_canonuser_plug_init() failed in sasl_canonuser_add_plugin(): invalid parameter supplied
2026-07-05T13:45:41+08:00 win000k10424 python3[486499]: ldapdb_canonuser_plug_init() failed in sasl_canonuser_add_plugin(): invalid parameter supplied
2026-07-05T15:22:01+08:00 win000k10424 python3[504773]: ldapdb_canonuser_plug_init() failed in sasl_canonuser_add_plugin(): invalid parameter supplied
2026-07-05T16:48:41+08:00 win000k10424 python3[521204]: ldapdb_canonuser_plug_init() failed in sasl_canonuser_add_plugin(): invalid parameter supplied
2026-07-05T18:44:17+08:00 win000k10424 python3[543124]: ldapdb_canonuser_plug_init() failed in sasl_canonuser_add_plugin(): invalid parameter supplied
2026-07-05T20:06:58+08:00 win000k10424 python3[558842]: ldapdb_canonuser_plug_init() failed in sasl_canonuser_add_plugin(): invalid parameter supplied
2026-07-05T21:40:41+08:00 win000k10424 python3[576623]: ldapdb_canonuser_plug_init() failed in sasl_canonuser_add_plugin(): invalid parameter supplied
2026-07-05T22:46:11+08:00 win000k10424 python3[589061]: ldapdb_canonuser_plug_init() failed in sasl_canonuser_add_plugin(): invalid parameter supplied
2026-07-06T00:42:11+08:00 win000k10424 python3[611086]: ldapdb_canonuser_plug_init() failed in sasl_canonuser_add_plugin(): invalid parameter supplied
2026-07-06T02:30:31+08:00 win000k10424 python3[631649]: ldapdb_canonuser_plug_init() failed in sasl_canonuser_add_plugin(): invalid parameter supplied
2026-07-06T04:08:51+08:00 win000k10424 python3[650331]: ldapdb_canonuser_plug_init() failed in sasl_canonuser_add_plugin(): invalid parameter supplied
2026-07-06T05:39:11+08:00 win000k10424 python3[667493]: ldapdb_canonuser_plug_init() failed in sasl_canonuser_add_plugin(): invalid parameter supplied
2026-07-06T07:18:11+08:00 win000k10424 python3[686304]: ldapdb_canonuser_plug_init() failed in sasl_canonuser_add_plugin(): invalid parameter supplied
2026-07-06T08:57:11+08:00 win000k10424 python3[705057]: ldapdb_canonuser_plug_init() failed in sasl_canonuser_add_plugin(): invalid parameter supplied
2026-07-06T10:34:38+08:00 win000k10424 python3[723574]: ldapdb_canonuser_plug_init() failed in sasl_canonuser_add_plugin(): invalid parameter supplied
2026-07-06T11:50:16+08:00 win000k10424 python3[737959]: ldapdb_canonuser_plug_init() failed in sasl_canonuser_add_plugin(): invalid parameter supplied
2026-07-06T12:57:41+08:00 win000k10424 python3[751276]: ldapdb_canonuser_plug_init() failed in sasl_canonuser_add_plugin(): invalid parameter supplied
2026-07-06T14:41:41+08:00 win000k10424 python3[771007]: ldapdb_canonuser_plug_init() failed in sasl_canonuser_add_plugin(): invalid parameter supplied
2026-07-06T16:11:51+08:00 win000k10424 python3[788115]: ldapdb_canonuser_plug_init() failed in sasl_canonuser_add_plugin(): invalid parameter supplied
2026-07-06T18:01:41+08:00 win000k10424 python3[808964]: ldapdb_canonuser_plug_init() failed in sasl_canonuser_add_plugin(): invalid parameter supplied
2026-07-06T19:41:31+08:00 win000k10424 python3[827855]: ldapdb_canonuser_plug_init() failed in sasl_canonuser_add_plugin(): invalid parameter supplied
2026-07-06T21:25:01+08:00 win000k10424 python3[847508]: ldapdb_canonuser_plug_init() failed in sasl_canonuser_add_plugin(): invalid parameter supplied
2026-07-06T22:53:41+08:00 win000k10424 python3[864308]: ldapdb_canonuser_plug_init() failed in sasl_canonuser_add_plugin(): invalid parameter supplied
2026-07-07T00:42:39+08:00 win000k10424 python3[885019]: ldapdb_canonuser_plug_init() failed in sasl_canonuser_add_plugin(): invalid parameter supplied
2026-07-07T01:59:41+08:00 win000k10424 python3[899620]: ldapdb_canonuser_plug_init() failed in sasl_canonuser_add_plugin(): invalid parameter supplied
2026-07-07T03:08:51+08:00 win000k10424 python3[912749]: ldapdb_canonuser_plug_init() failed in sasl_canonuser_add_plugin(): invalid parameter supplied
2026-07-07T04:21:51+08:00 win000k10424 python3[926613]: ldapdb_canonuser_plug_init() failed in sasl_canonuser_add_plugin(): invalid parameter supplied
2026-07-07T05:54:41+08:00 win000k10424 python3[944233]: ldapdb_canonuser_plug_init() failed in sasl_canonuser_add_plugin(): invalid parameter supplied
2026-07-07T07:17:55+08:00 win000k10424 python3[960007]: ldapdb_canonuser_plug_init() failed in sasl_canonuser_add_plugin(): invalid parameter supplied
2026-07-07T08:22:51+08:00 win000k10424 python3[972342]: ldapdb_canonuser_plug_init() failed in sasl_canonuser_add_plugin(): invalid parameter supplied
2026-07-07T09:50:31+08:00 win000k10424 python3[988956]: ldapdb_canonuser_plug_init() failed in sasl_canonuser_add_plugin(): invalid parameter supplied
2026-07-07T10:30:44+08:00 win000k10424 python3[997316]: ldapdb_canonuser_plug_init() failed in sasl_canonuser_add_plugin(): invalid parameter supplied
2026-07-07T10:30:59+08:00 win000k10424 python3[997373]: ldapdb_canonuser_plug_init() failed in sasl_canonuser_add_plugin(): invalid parameter supplied
2026-07-07T10:31:06+08:00 win000k10424 PackageKit[997469]: ldapdb_canonuser_plug_init() failed in sasl_canonuser_add_plugin(): invalid parameter supplied
2026-07-07T10:34:36+08:00 win000k10424 python3[998199]: ldapdb_canonuser_plug_init() failed in sasl_canonuser_add_plugin(): invalid parameter supplied
2026-07-07T10:56:11+08:00 win000k10424 python3[1002946]: ldapdb_canonuser_plug_init() failed in sasl_canonuser_add_plugin(): invalid parameter supplied
2026-07-07T12:11:41+08:00 win000k10424 python3[1036275]: ldapdb_canonuser_plug_init() failed in sasl_canonuser_add_plugin(): invalid parameter supplied
